2025-02-19 16:11:52,140 - INFO - Adding job tentatively -- it will be properly scheduled when the scheduler starts
2025-02-19 16:11:52,140 - INFO - Added job "execute_pipeline" to job store "default"
2025-02-19 16:11:52,140 - INFO - Scheduler started
2025-02-19 16:11:52,140 - INFO - Scheduler started. Running ingestion every 30 seconds...
2025-02-19 16:12:22,147 - INFO - Running job "execute_pipeline (trigger: interval[0:00:30], next run at: 2025-02-19 16:12:22 IST)" (scheduled at 2025-02-19 16:12:22.135035+05:30)
2025-02-19 16:12:22,147 - INFO - Starting data ingestion pipeline...
2025-02-19 16:12:23,548 - INFO - Kaggle API authenticated successfully.
2025-02-19 16:12:23,548 - INFO - Downloading Kaggle dataset 'blastchar/telco-customer-churn'...
2025-02-19 16:12:23,548 - INFO - Deleted old CSV file: D:\DataScienceMtech\Sem2\DataManagementForMachineLearning\Assignment\end-to-end-data-management-pipeline\data/raw/source_data\customer_churn_dataset_kaggle.csv
2025-02-19 16:12:23,548 - INFO - Deleted old CSV file: D:\DataScienceMtech\Sem2\DataManagementForMachineLearning\Assignment\end-to-end-data-management-pipeline\data/raw/source_data\customer_data.csv
2025-02-19 16:12:26,370 - INFO - Dataset 'blastchar/telco-customer-churn' downloaded successfully to 'D:\DataScienceMtech\Sem2\DataManagementForMachineLearning\Assignment\end-to-end-data-management-pipeline\data/raw/source_data'.
2025-02-19 16:12:26,370 - INFO - File renamed from 'D:\DataScienceMtech\Sem2\DataManagementForMachineLearning\Assignment\end-to-end-data-management-pipeline\data/raw/source_data\WA_Fn-UseC_-Telco-Customer-Churn.csv' to 'D:\DataScienceMtech\Sem2\DataManagementForMachineLearning\Assignment\end-to-end-data-management-pipeline\data/raw/source_data\customer_churn_dataset_kaggle.csv'.
2025-02-19 16:12:26,452 - INFO - Local file 'D:\DataScienceMtech\Sem2\DataManagementForMachineLearning\Assignment\end-to-end-data-management-pipeline\data/raw/local/customer_churn_dataset_local.csv' ingested successfully (10000 rows, 12 columns).
2025-02-19 16:12:26,560 - INFO - Data ingestion pipeline executed successfully.
2025-02-19 16:12:26,560 - INFO - Job "execute_pipeline (trigger: interval[0:00:30], next run at: 2025-02-19 16:12:52 IST)" executed successfully
2025-02-19 16:12:52,151 - INFO - Running job "execute_pipeline (trigger: interval[0:00:30], next run at: 2025-02-19 16:13:22 IST)" (scheduled at 2025-02-19 16:12:52.135035+05:30)
2025-02-19 16:12:52,151 - INFO - Starting data ingestion pipeline...
2025-02-19 16:12:53,490 - INFO - Kaggle API authenticated successfully.
2025-02-19 16:12:53,490 - INFO - Downloading Kaggle dataset 'blastchar/telco-customer-churn'...
2025-02-19 16:12:53,490 - INFO - Deleted old CSV file: D:\DataScienceMtech\Sem2\DataManagementForMachineLearning\Assignment\end-to-end-data-management-pipeline\data/raw/source_data\customer_churn_dataset_kaggle.csv
2025-02-19 16:12:53,490 - INFO - Deleted old CSV file: D:\DataScienceMtech\Sem2\DataManagementForMachineLearning\Assignment\end-to-end-data-management-pipeline\data/raw/source_data\customer_data.csv
2025-02-19 16:12:56,203 - INFO - Dataset 'blastchar/telco-customer-churn' downloaded successfully to 'D:\DataScienceMtech\Sem2\DataManagementForMachineLearning\Assignment\end-to-end-data-management-pipeline\data/raw/source_data'.
2025-02-19 16:12:56,203 - INFO - File renamed from 'D:\DataScienceMtech\Sem2\DataManagementForMachineLearning\Assignment\end-to-end-data-management-pipeline\data/raw/source_data\WA_Fn-UseC_-Telco-Customer-Churn.csv' to 'D:\DataScienceMtech\Sem2\DataManagementForMachineLearning\Assignment\end-to-end-data-management-pipeline\data/raw/source_data\customer_churn_dataset_kaggle.csv'.
2025-02-19 16:12:56,270 - INFO - Local file 'D:\DataScienceMtech\Sem2\DataManagementForMachineLearning\Assignment\end-to-end-data-management-pipeline\data/raw/local/customer_churn_dataset_local.csv' ingested successfully (10000 rows, 12 columns).
2025-02-19 16:12:56,361 - INFO - Data ingestion pipeline executed successfully.
2025-02-19 16:12:56,361 - INFO - Job "execute_pipeline (trigger: interval[0:00:30], next run at: 2025-02-19 16:13:22 IST)" executed successfully
2025-02-19 16:13:22,139 - INFO - Running job "execute_pipeline (trigger: interval[0:00:30], next run at: 2025-02-19 16:13:52 IST)" (scheduled at 2025-02-19 16:13:22.135035+05:30)
2025-02-19 16:13:22,140 - INFO - Starting data ingestion pipeline...
2025-02-19 16:13:23,471 - INFO - Kaggle API authenticated successfully.
2025-02-19 16:13:23,471 - INFO - Downloading Kaggle dataset 'blastchar/telco-customer-churn'...
2025-02-19 16:13:23,471 - INFO - Deleted old CSV file: D:\DataScienceMtech\Sem2\DataManagementForMachineLearning\Assignment\end-to-end-data-management-pipeline\data/raw/source_data\customer_churn_dataset_kaggle.csv
2025-02-19 16:13:23,471 - INFO - Deleted old CSV file: D:\DataScienceMtech\Sem2\DataManagementForMachineLearning\Assignment\end-to-end-data-management-pipeline\data/raw/source_data\customer_data.csv
2025-02-19 16:13:26,124 - INFO - Dataset 'blastchar/telco-customer-churn' downloaded successfully to 'D:\DataScienceMtech\Sem2\DataManagementForMachineLearning\Assignment\end-to-end-data-management-pipeline\data/raw/source_data'.
2025-02-19 16:13:26,126 - INFO - File renamed from 'D:\DataScienceMtech\Sem2\DataManagementForMachineLearning\Assignment\end-to-end-data-management-pipeline\data/raw/source_data\WA_Fn-UseC_-Telco-Customer-Churn.csv' to 'D:\DataScienceMtech\Sem2\DataManagementForMachineLearning\Assignment\end-to-end-data-management-pipeline\data/raw/source_data\customer_churn_dataset_kaggle.csv'.
2025-02-19 16:13:26,207 - INFO - Local file 'D:\DataScienceMtech\Sem2\DataManagementForMachineLearning\Assignment\end-to-end-data-management-pipeline\data/raw/local/customer_churn_dataset_local.csv' ingested successfully (10000 rows, 12 columns).
2025-02-19 16:13:26,302 - INFO - Data ingestion pipeline executed successfully.
2025-02-19 16:13:26,302 - INFO - Job "execute_pipeline (trigger: interval[0:00:30], next run at: 2025-02-19 16:13:52 IST)" executed successfully
2025-02-19 16:13:52,149 - INFO - Running job "execute_pipeline (trigger: interval[0:00:30], next run at: 2025-02-19 16:14:22 IST)" (scheduled at 2025-02-19 16:13:52.135035+05:30)
2025-02-19 16:13:52,149 - INFO - Starting data ingestion pipeline...
2025-02-19 16:13:53,649 - INFO - Kaggle API authenticated successfully.
2025-02-19 16:13:53,650 - INFO - Downloading Kaggle dataset 'blastchar/telco-customer-churn'...
2025-02-19 16:13:53,651 - INFO - Deleted old CSV file: D:\DataScienceMtech\Sem2\DataManagementForMachineLearning\Assignment\end-to-end-data-management-pipeline\data/raw/source_data\customer_churn_dataset_kaggle.csv
2025-02-19 16:13:53,651 - INFO - Deleted old CSV file: D:\DataScienceMtech\Sem2\DataManagementForMachineLearning\Assignment\end-to-end-data-management-pipeline\data/raw/source_data\customer_data.csv
2025-02-19 16:13:56,321 - INFO - Dataset 'blastchar/telco-customer-churn' downloaded successfully to 'D:\DataScienceMtech\Sem2\DataManagementForMachineLearning\Assignment\end-to-end-data-management-pipeline\data/raw/source_data'.
2025-02-19 16:13:56,324 - INFO - File renamed from 'D:\DataScienceMtech\Sem2\DataManagementForMachineLearning\Assignment\end-to-end-data-management-pipeline\data/raw/source_data\WA_Fn-UseC_-Telco-Customer-Churn.csv' to 'D:\DataScienceMtech\Sem2\DataManagementForMachineLearning\Assignment\end-to-end-data-management-pipeline\data/raw/source_data\customer_churn_dataset_kaggle.csv'.
2025-02-19 16:13:56,512 - INFO - Local file 'D:\DataScienceMtech\Sem2\DataManagementForMachineLearning\Assignment\end-to-end-data-management-pipeline\data/raw/local/customer_churn_dataset_local.csv' ingested successfully (10000 rows, 12 columns).
2025-02-19 16:13:56,611 - INFO - Data ingestion pipeline executed successfully.
2025-02-19 16:13:56,611 - INFO - Job "execute_pipeline (trigger: interval[0:00:30], next run at: 2025-02-19 16:14:22 IST)" executed successfully
2025-02-19 16:14:22,147 - INFO - Running job "execute_pipeline (trigger: interval[0:00:30], next run at: 2025-02-19 16:14:52 IST)" (scheduled at 2025-02-19 16:14:22.135035+05:30)
2025-02-19 16:14:22,147 - INFO - Starting data ingestion pipeline...
2025-02-19 16:14:23,850 - INFO - Kaggle API authenticated successfully.
2025-02-19 16:14:23,850 - INFO - Downloading Kaggle dataset 'blastchar/telco-customer-churn'...
2025-02-19 16:14:23,851 - INFO - Deleted old CSV file: D:\DataScienceMtech\Sem2\DataManagementForMachineLearning\Assignment\end-to-end-data-management-pipeline\data/raw/source_data\customer_churn_dataset_kaggle.csv
2025-02-19 16:14:23,851 - INFO - Deleted old CSV file: D:\DataScienceMtech\Sem2\DataManagementForMachineLearning\Assignment\end-to-end-data-management-pipeline\data/raw/source_data\customer_data.csv
2025-02-19 16:14:26,488 - INFO - Dataset 'blastchar/telco-customer-churn' downloaded successfully to 'D:\DataScienceMtech\Sem2\DataManagementForMachineLearning\Assignment\end-to-end-data-management-pipeline\data/raw/source_data'.
2025-02-19 16:14:26,489 - INFO - File renamed from 'D:\DataScienceMtech\Sem2\DataManagementForMachineLearning\Assignment\end-to-end-data-management-pipeline\data/raw/source_data\WA_Fn-UseC_-Telco-Customer-Churn.csv' to 'D:\DataScienceMtech\Sem2\DataManagementForMachineLearning\Assignment\end-to-end-data-management-pipeline\data/raw/source_data\customer_churn_dataset_kaggle.csv'.
2025-02-19 16:14:26,561 - INFO - Local file 'D:\DataScienceMtech\Sem2\DataManagementForMachineLearning\Assignment\end-to-end-data-management-pipeline\data/raw/local/customer_churn_dataset_local.csv' ingested successfully (10000 rows, 12 columns).
2025-02-19 16:14:26,666 - INFO - Data ingestion pipeline executed successfully.
2025-02-19 16:14:26,666 - INFO - Job "execute_pipeline (trigger: interval[0:00:30], next run at: 2025-02-19 16:14:52 IST)" executed successfully
2025-02-19 16:14:52,147 - INFO - Running job "execute_pipeline (trigger: interval[0:00:30], next run at: 2025-02-19 16:15:22 IST)" (scheduled at 2025-02-19 16:14:52.135035+05:30)
2025-02-19 16:14:52,149 - INFO - Starting data ingestion pipeline...
2025-02-19 16:14:53,518 - INFO - Kaggle API authenticated successfully.
2025-02-19 16:14:53,518 - INFO - Downloading Kaggle dataset 'blastchar/telco-customer-churn'...
2025-02-19 16:14:53,518 - INFO - Deleted old CSV file: D:\DataScienceMtech\Sem2\DataManagementForMachineLearning\Assignment\end-to-end-data-management-pipeline\data/raw/source_data\customer_churn_dataset_kaggle.csv
2025-02-19 16:14:53,518 - INFO - Deleted old CSV file: D:\DataScienceMtech\Sem2\DataManagementForMachineLearning\Assignment\end-to-end-data-management-pipeline\data/raw/source_data\customer_data.csv
2025-02-19 16:14:56,153 - INFO - Dataset 'blastchar/telco-customer-churn' downloaded successfully to 'D:\DataScienceMtech\Sem2\DataManagementForMachineLearning\Assignment\end-to-end-data-management-pipeline\data/raw/source_data'.
2025-02-19 16:14:56,155 - INFO - File renamed from 'D:\DataScienceMtech\Sem2\DataManagementForMachineLearning\Assignment\end-to-end-data-management-pipeline\data/raw/source_data\WA_Fn-UseC_-Telco-Customer-Churn.csv' to 'D:\DataScienceMtech\Sem2\DataManagementForMachineLearning\Assignment\end-to-end-data-management-pipeline\data/raw/source_data\customer_churn_dataset_kaggle.csv'.
2025-02-19 16:14:56,248 - INFO - Local file 'D:\DataScienceMtech\Sem2\DataManagementForMachineLearning\Assignment\end-to-end-data-management-pipeline\data/raw/local/customer_churn_dataset_local.csv' ingested successfully (10000 rows, 12 columns).
2025-02-19 16:14:56,339 - INFO - Data ingestion pipeline executed successfully.
2025-02-19 16:14:56,339 - INFO - Job "execute_pipeline (trigger: interval[0:00:30], next run at: 2025-02-19 16:15:22 IST)" executed successfully
2025-02-19 16:15:22,138 - INFO - Running job "execute_pipeline (trigger: interval[0:00:30], next run at: 2025-02-19 16:15:52 IST)" (scheduled at 2025-02-19 16:15:22.135035+05:30)
2025-02-19 16:15:22,138 - INFO - Starting data ingestion pipeline...
2025-02-19 16:15:23,566 - INFO - Kaggle API authenticated successfully.
2025-02-19 16:15:23,566 - INFO - Downloading Kaggle dataset 'blastchar/telco-customer-churn'...
2025-02-19 16:15:23,566 - INFO - Deleted old CSV file: D:\DataScienceMtech\Sem2\DataManagementForMachineLearning\Assignment\end-to-end-data-management-pipeline\data/raw/source_data\customer_churn_dataset_kaggle.csv
2025-02-19 16:15:23,566 - INFO - Deleted old CSV file: D:\DataScienceMtech\Sem2\DataManagementForMachineLearning\Assignment\end-to-end-data-management-pipeline\data/raw/source_data\customer_data.csv
2025-02-19 16:15:26,191 - INFO - Dataset 'blastchar/telco-customer-churn' downloaded successfully to 'D:\DataScienceMtech\Sem2\DataManagementForMachineLearning\Assignment\end-to-end-data-management-pipeline\data/raw/source_data'.
2025-02-19 16:15:26,191 - INFO - File renamed from 'D:\DataScienceMtech\Sem2\DataManagementForMachineLearning\Assignment\end-to-end-data-management-pipeline\data/raw/source_data\WA_Fn-UseC_-Telco-Customer-Churn.csv' to 'D:\DataScienceMtech\Sem2\DataManagementForMachineLearning\Assignment\end-to-end-data-management-pipeline\data/raw/source_data\customer_churn_dataset_kaggle.csv'.
2025-02-19 16:15:26,360 - INFO - Local file 'D:\DataScienceMtech\Sem2\DataManagementForMachineLearning\Assignment\end-to-end-data-management-pipeline\data/raw/local/customer_churn_dataset_local.csv' ingested successfully (10000 rows, 12 columns).
2025-02-19 16:15:26,466 - INFO - Data ingestion pipeline executed successfully.
2025-02-19 16:15:26,466 - INFO - Job "execute_pipeline (trigger: interval[0:00:30], next run at: 2025-02-19 16:15:52 IST)" executed successfully
2025-02-19 16:15:52,135 - INFO - Running job "execute_pipeline (trigger: interval[0:00:30], next run at: 2025-02-19 16:16:22 IST)" (scheduled at 2025-02-19 16:15:52.135035+05:30)
2025-02-19 16:15:52,135 - INFO - Starting data ingestion pipeline...
2025-02-19 16:15:53,411 - INFO - Kaggle API authenticated successfully.
2025-02-19 16:15:53,411 - INFO - Downloading Kaggle dataset 'blastchar/telco-customer-churn'...
2025-02-19 16:15:53,411 - INFO - Deleted old CSV file: D:\DataScienceMtech\Sem2\DataManagementForMachineLearning\Assignment\end-to-end-data-management-pipeline\data/raw/source_data\customer_churn_dataset_kaggle.csv
2025-02-19 16:15:53,411 - INFO - Deleted old CSV file: D:\DataScienceMtech\Sem2\DataManagementForMachineLearning\Assignment\end-to-end-data-management-pipeline\data/raw/source_data\customer_data.csv
2025-02-19 16:15:55,196 - INFO - Scheduler stopped manually.
2025-02-19 16:15:55,337 - ERROR - Ingestion pipeline failed.
Traceback (most recent call last):
  File "<frozen runpy>", line 198, in _run_module_as_main
  File "<frozen runpy>", line 88, in _run_code
  File "D:\DataScienceMtech\Sem2\DataManagementForMachineLearning\Assignment\end-to-end-data-management-pipeline\scripts\ingestion\ingest_data.py", line 94, in <module>
    ingest_kaggle_data()
  File "D:\DataScienceMtech\Sem2\DataManagementForMachineLearning\Assignment\end-to-end-data-management-pipeline\scripts\ingestion\ingest_data.py", line 49, in ingest_kaggle_data
    api.dataset_download_files(dataset, path=kaggle_download_path, unzip=True)
  File "C:\Users\Prithviraj\anaconda3\Lib\site-packages\kaggle\api\kaggle_api_extended.py", line 1502, in dataset_download_files
    self.datasets_download_with_http_info(
  File "C:\Users\Prithviraj\anaconda3\Lib\site-packages\kaggle\api\kaggle_api.py", line 1555, in datasets_download_with_http_info
    return self.api_client.call_api(
           ^^^^^^^^^^^^^^^^^^^^^^^^^
  File "C:\Users\Prithviraj\anaconda3\Lib\site-packages\kaggle\api_client.py", line 313, in call_api
    return self.__call_api(resource_path, method,
           ^^^^^^^^^^^^^^^^^^^^^^^^^^^^^^^^^^^^^^
  File "C:\Users\Prithviraj\anaconda3\Lib\site-packages\kaggle\api_client.py", line 145, in __call_api
    response_data = self.request(
                    ^^^^^^^^^^^^^
  File "C:\Users\Prithviraj\anaconda3\Lib\site-packages\kaggle\api_client.py", line 335, in request
    return self.rest_client.GET(url,
           ^^^^^^^^^^^^^^^^^^^^^^^^^
  File "C:\Users\Prithviraj\anaconda3\Lib\site-packages\kaggle\rest.py", line 231, in GET
    return self.request("GET", url,
           ^^^^^^^^^^^^^^^^^^^^^^^^
  File "C:\Users\Prithviraj\anaconda3\Lib\site-packages\kaggle\rest.py", line 204, in request
    r = self.pool_manager.request(method, url,
        ^^^^^^^^^^^^^^^^^^^^^^^^^^^^^^^^^^^^^^
  File "C:\Users\Prithviraj\anaconda3\Lib\site-packages\urllib3\request.py", line 74, in request
    return self.request_encode_url(
           ^^^^^^^^^^^^^^^^^^^^^^^^
  File "C:\Users\Prithviraj\anaconda3\Lib\site-packages\urllib3\request.py", line 96, in request_encode_url
    return self.urlopen(method, url, **extra_kw)
           ^^^^^^^^^^^^^^^^^^^^^^^^^^^^^^^^^^^^^
  File "C:\Users\Prithviraj\anaconda3\Lib\site-packages\urllib3\poolmanager.py", line 418, in urlopen
    return self.urlopen(method, redirect_location, **kw)
           ^^^^^^^^^^^^^^^^^^^^^^^^^^^^^^^^^^^^^^^^^^^^^
  File "C:\Users\Prithviraj\anaconda3\Lib\site-packages\urllib3\poolmanager.py", line 376, in urlopen
    response = conn.urlopen(method, u.request_uri, **kw)
               ^^^^^^^^^^^^^^^^^^^^^^^^^^^^^^^^^^^^^^^^^
  File "C:\Users\Prithviraj\anaconda3\Lib\site-packages\urllib3\connectionpool.py", line 714, in urlopen
    httplib_response = self._make_request(
                       ^^^^^^^^^^^^^^^^^^^
  File "C:\Users\Prithviraj\anaconda3\Lib\site-packages\urllib3\connectionpool.py", line 466, in _make_request
    six.raise_from(e, None)
  File "<string>", line 3, in raise_from
  File "C:\Users\Prithviraj\anaconda3\Lib\site-packages\urllib3\connectionpool.py", line 461, in _make_request
    httplib_response = conn.getresponse()
                       ^^^^^^^^^^^^^^^^^^
  File "C:\Users\Prithviraj\anaconda3\Lib\http\client.py", line 1378, in getresponse
    response.begin()
  File "C:\Users\Prithviraj\anaconda3\Lib\http\client.py", line 318, in begin
    version, status, reason = self._read_status()
                              ^^^^^^^^^^^^^^^^^^^
  File "C:\Users\Prithviraj\anaconda3\Lib\http\client.py", line 279, in _read_status
    line = str(self.fp.readline(_MAXLINE + 1), "iso-8859-1")
               ^^^^^^^^^^^^^^^^^^^^^^^^^^^^^^
  File "C:\Users\Prithviraj\anaconda3\Lib\socket.py", line 706, in readinto
    return self._sock.recv_into(b)
           ^^^^^^^^^^^^^^^^^^^^^^^
  File "C:\Users\Prithviraj\anaconda3\Lib\ssl.py", line 1311, in recv_into
    return self.read(nbytes, buffer)
           ^^^^^^^^^^^^^^^^^^^^^^^^^
  File "C:\Users\Prithviraj\anaconda3\Lib\ssl.py", line 1167, in read
    return self._sslobj.read(len, buffer)
           ^^^^^^^^^^^^^^^^^^^^^^^^^^^^^^
KeyboardInterrupt

2025-02-19 16:15:55,337 - INFO - Job "execute_pipeline (trigger: interval[0:00:30], next run at: 2025-02-19 16:16:22 IST)" executed successfully
2025-02-19 16:15:55,337 - INFO - Scheduler has been shut down
2025-02-19 16:16:23,855 - INFO - Starting data ingestion pipeline...
2025-02-19 16:16:25,096 - INFO - Kaggle API authenticated successfully.
2025-02-19 16:16:25,096 - INFO - Downloading Kaggle dataset 'blastchar/telco-customer-churn'...
2025-02-19 16:16:27,796 - INFO - Dataset 'blastchar/telco-customer-churn' downloaded successfully to 'D:\DataScienceMtech\Sem2\DataManagementForMachineLearning\Assignment\end-to-end-data-management-pipeline\data/raw/source_data'.
2025-02-19 16:16:27,796 - INFO - File renamed from 'D:\DataScienceMtech\Sem2\DataManagementForMachineLearning\Assignment\end-to-end-data-management-pipeline\data/raw/source_data\WA_Fn-UseC_-Telco-Customer-Churn.csv' to 'D:\DataScienceMtech\Sem2\DataManagementForMachineLearning\Assignment\end-to-end-data-management-pipeline\data/raw/source_data\customer_churn_dataset_kaggle.csv'.
2025-02-19 16:16:27,870 - INFO - Local file 'D:\DataScienceMtech\Sem2\DataManagementForMachineLearning\Assignment\end-to-end-data-management-pipeline\data/raw/local/customer_churn_dataset_local.csv' ingested successfully (10000 rows, 12 columns).
2025-02-19 16:16:27,966 - INFO - Data ingestion pipeline executed successfully.
2025-02-19 16:16:27,966 - INFO - Adding job tentatively -- it will be properly scheduled when the scheduler starts
2025-02-19 16:16:27,966 - INFO - Added job "execute_pipeline" to job store "default"
2025-02-19 16:16:27,966 - INFO - Scheduler started
2025-02-19 16:16:27,966 - INFO - Scheduler started. Running ingestion every 30 seconds...
2025-02-19 16:16:57,986 - INFO - Running job "execute_pipeline (trigger: interval[0:00:30], next run at: 2025-02-19 16:16:57 IST)" (scheduled at 2025-02-19 16:16:57.966203+05:30)
2025-02-19 16:16:57,986 - INFO - Starting data ingestion pipeline...
2025-02-19 16:16:59,268 - INFO - Kaggle API authenticated successfully.
2025-02-19 16:16:59,268 - INFO - Downloading Kaggle dataset 'blastchar/telco-customer-churn'...
2025-02-19 16:16:59,268 - INFO - Deleted old CSV file: D:\DataScienceMtech\Sem2\DataManagementForMachineLearning\Assignment\end-to-end-data-management-pipeline\data/raw/source_data\customer_churn_dataset_kaggle.csv
2025-02-19 16:16:59,268 - INFO - Deleted old CSV file: D:\DataScienceMtech\Sem2\DataManagementForMachineLearning\Assignment\end-to-end-data-management-pipeline\data/raw/source_data\customer_data.csv
2025-02-19 16:17:01,889 - INFO - Dataset 'blastchar/telco-customer-churn' downloaded successfully to 'D:\DataScienceMtech\Sem2\DataManagementForMachineLearning\Assignment\end-to-end-data-management-pipeline\data/raw/source_data'.
2025-02-19 16:17:01,889 - INFO - File renamed from 'D:\DataScienceMtech\Sem2\DataManagementForMachineLearning\Assignment\end-to-end-data-management-pipeline\data/raw/source_data\WA_Fn-UseC_-Telco-Customer-Churn.csv' to 'D:\DataScienceMtech\Sem2\DataManagementForMachineLearning\Assignment\end-to-end-data-management-pipeline\data/raw/source_data\customer_churn_dataset_kaggle.csv'.
2025-02-19 16:17:02,001 - INFO - Local file 'D:\DataScienceMtech\Sem2\DataManagementForMachineLearning\Assignment\end-to-end-data-management-pipeline\data/raw/local/customer_churn_dataset_local.csv' ingested successfully (10000 rows, 12 columns).
2025-02-19 16:17:02,097 - INFO - Data ingestion pipeline executed successfully.
2025-02-19 16:17:02,097 - INFO - Job "execute_pipeline (trigger: interval[0:00:30], next run at: 2025-02-19 16:17:27 IST)" executed successfully
2025-02-19 16:17:27,983 - INFO - Running job "execute_pipeline (trigger: interval[0:00:30], next run at: 2025-02-19 16:17:57 IST)" (scheduled at 2025-02-19 16:17:27.966203+05:30)
2025-02-19 16:17:27,983 - INFO - Starting data ingestion pipeline...
2025-02-19 16:17:29,291 - INFO - Kaggle API authenticated successfully.
2025-02-19 16:17:29,291 - INFO - Downloading Kaggle dataset 'blastchar/telco-customer-churn'...
2025-02-19 16:17:29,291 - INFO - Deleted old CSV file: D:\DataScienceMtech\Sem2\DataManagementForMachineLearning\Assignment\end-to-end-data-management-pipeline\data/raw/source_data\customer_churn_dataset_kaggle.csv
2025-02-19 16:17:29,291 - INFO - Deleted old CSV file: D:\DataScienceMtech\Sem2\DataManagementForMachineLearning\Assignment\end-to-end-data-management-pipeline\data/raw/source_data\customer_data.csv
2025-02-19 16:17:31,389 - INFO - Dataset 'blastchar/telco-customer-churn' downloaded successfully to 'D:\DataScienceMtech\Sem2\DataManagementForMachineLearning\Assignment\end-to-end-data-management-pipeline\data/raw/source_data'.
2025-02-19 16:17:31,389 - INFO - File renamed from 'D:\DataScienceMtech\Sem2\DataManagementForMachineLearning\Assignment\end-to-end-data-management-pipeline\data/raw/source_data\WA_Fn-UseC_-Telco-Customer-Churn.csv' to 'D:\DataScienceMtech\Sem2\DataManagementForMachineLearning\Assignment\end-to-end-data-management-pipeline\data/raw/source_data\customer_churn_dataset_kaggle.csv'.
2025-02-19 16:17:31,453 - INFO - Local file 'D:\DataScienceMtech\Sem2\DataManagementForMachineLearning\Assignment\end-to-end-data-management-pipeline\data/raw/local/customer_churn_dataset_local.csv' ingested successfully (10000 rows, 12 columns).
2025-02-19 16:17:31,542 - INFO - Data ingestion pipeline executed successfully.
2025-02-19 16:17:31,542 - INFO - Job "execute_pipeline (trigger: interval[0:00:30], next run at: 2025-02-19 16:17:57 IST)" executed successfully
2025-02-19 16:17:57,978 - INFO - Running job "execute_pipeline (trigger: interval[0:00:30], next run at: 2025-02-19 16:18:27 IST)" (scheduled at 2025-02-19 16:17:57.966203+05:30)
2025-02-19 16:17:57,978 - INFO - Starting data ingestion pipeline...
2025-02-19 16:17:59,285 - INFO - Kaggle API authenticated successfully.
2025-02-19 16:17:59,285 - INFO - Downloading Kaggle dataset 'blastchar/telco-customer-churn'...
2025-02-19 16:17:59,285 - INFO - Deleted old CSV file: D:\DataScienceMtech\Sem2\DataManagementForMachineLearning\Assignment\end-to-end-data-management-pipeline\data/raw/source_data\customer_churn_dataset_kaggle.csv
2025-02-19 16:17:59,285 - INFO - Deleted old CSV file: D:\DataScienceMtech\Sem2\DataManagementForMachineLearning\Assignment\end-to-end-data-management-pipeline\data/raw/source_data\customer_data.csv
2025-02-19 16:18:01,942 - INFO - Dataset 'blastchar/telco-customer-churn' downloaded successfully to 'D:\DataScienceMtech\Sem2\DataManagementForMachineLearning\Assignment\end-to-end-data-management-pipeline\data/raw/source_data'.
2025-02-19 16:18:01,942 - INFO - File renamed from 'D:\DataScienceMtech\Sem2\DataManagementForMachineLearning\Assignment\end-to-end-data-management-pipeline\data/raw/source_data\WA_Fn-UseC_-Telco-Customer-Churn.csv' to 'D:\DataScienceMtech\Sem2\DataManagementForMachineLearning\Assignment\end-to-end-data-management-pipeline\data/raw/source_data\customer_churn_dataset_kaggle.csv'.
2025-02-19 16:18:02,021 - INFO - Local file 'D:\DataScienceMtech\Sem2\DataManagementForMachineLearning\Assignment\end-to-end-data-management-pipeline\data/raw/local/customer_churn_dataset_local.csv' ingested successfully (10000 rows, 12 columns).
2025-02-19 16:18:02,123 - INFO - Data ingestion pipeline executed successfully.
2025-02-19 16:18:02,123 - INFO - Job "execute_pipeline (trigger: interval[0:00:30], next run at: 2025-02-19 16:18:27 IST)" executed successfully
2025-02-19 16:18:06,700 - INFO - Scheduler stopped manually.
2025-02-19 16:18:06,700 - INFO - Scheduler has been shut down
