[ 2025-03-14 12:23:54,919 ] 26 root - INFO - Uploading raw data to S3 triggered...
[ 2025-03-14 12:23:54,919 ] 75 root - INFO - Uploading rds data to S3...
[ 2025-03-14 12:23:54,920 ] 39 root - INFO - Establishing Connection to S3 Bucket...
[ 2025-03-14 12:23:58,416 ] 88 root - INFO - S3 bucket content - data/...
[ 2025-03-14 12:23:58,416 ] 88 root - INFO - S3 bucket content - data/raw/...
[ 2025-03-14 12:23:58,416 ] 88 root - INFO - S3 bucket content - data/raw/kaggle/year=2025/month=03/day=12/customer_churn_dataset_kaggle_20250312203009.csv_Done...
[ 2025-03-14 12:23:58,416 ] 88 root - INFO - S3 bucket content - data/raw/kaggle/year=2025/month=03/day=12/customer_churn_dataset_kaggle_20250312203347.csv_Done...
[ 2025-03-14 12:23:58,417 ] 88 root - INFO - S3 bucket content - data/raw/kaggle/year=2025/month=03/day=12/customer_churn_dataset_kaggle_20250312203802.csv_Done...
[ 2025-03-14 12:23:58,417 ] 88 root - INFO - S3 bucket content - data/raw/kaggle/year=2025/month=03/day=12/customer_churn_dataset_kaggle_20250312203939.csv_Done...
[ 2025-03-14 12:23:58,417 ] 88 root - INFO - S3 bucket content - data/raw/kaggle/year=2025/month=03/day=12/customer_churn_dataset_kaggle_20250312203958.csv_Done...
[ 2025-03-14 12:23:58,417 ] 88 root - INFO - S3 bucket content - data/raw/kaggle/year=2025/month=03/day=13/customer_churn_dataset_kaggle_20250313223208.csv...
[ 2025-03-14 12:23:58,417 ] 88 root - INFO - S3 bucket content - data/raw/kaggle/year=2025/month=03/day=13/customer_churn_dataset_kaggle_20250313223228.csv...
[ 2025-03-14 12:23:58,417 ] 88 root - INFO - S3 bucket content - data/raw/rds/2025/03/13/22/data_temp_20250313_224726...
[ 2025-03-14 12:23:58,417 ] 88 root - INFO - S3 bucket content - data/raw/rds/year=2025/month=03/day=12/customer_churn_dataset_rds_20250312203939.csv_Done...
[ 2025-03-14 12:23:58,417 ] 88 root - INFO - S3 bucket content - data/raw/rds/year=2025/month=03/day=12/customer_churn_dataset_rds_20250312203958.csv_Done...
[ 2025-03-14 12:23:58,417 ] 88 root - INFO - S3 bucket content - data/raw/rds/year=2025/month=03/day=13/customer_churn_dataset_rds_20250313223208.csv...
[ 2025-03-14 12:23:58,417 ] 88 root - INFO - S3 bucket content - data/raw/rds/year=2025/month=03/day=13/customer_churn_dataset_rds_20250313223228.csv...
[ 2025-03-14 12:23:58,417 ] 88 root - INFO - S3 bucket content - merged/20250312_210206/merged_churn_data.csv...
[ 2025-03-14 12:23:58,417 ] 88 root - INFO - S3 bucket content - merged/20250312_210323/merged_churn_data.csv...
[ 2025-03-14 12:23:58,417 ] 88 root - INFO - S3 bucket content - merged/20250312_211028/merged_churn_data.csv...
[ 2025-03-14 12:23:58,417 ] 88 root - INFO - S3 bucket content - merged/20250312_214229/merged_churn_data.csv...
[ 2025-03-14 12:23:58,417 ] 88 root - INFO - S3 bucket content - merged/20250312_214314/merged_churn_data.csv...
[ 2025-03-14 12:23:58,417 ] 88 root - INFO - S3 bucket content - merged/20250313_225037/merged_churn_data.csv...
[ 2025-03-14 12:23:58,417 ] 88 root - INFO - S3 bucket content - merged/20250313_225114/merged_churn_data.csv...
[ 2025-03-14 12:23:58,417 ] 88 root - INFO - S3 bucket content - merged/20250313_225329/merged_churn_data.csv...
[ 2025-03-14 12:23:58,417 ] 88 root - INFO - S3 bucket content - merged/20250313_225406/merged_churn_data.csv...
[ 2025-03-14 12:23:58,417 ] 88 root - INFO - S3 bucket content - merged/20250313_225429/merged_churn_data.csv...
[ 2025-03-14 12:23:58,417 ] 88 root - INFO - S3 bucket content - processed/20250312_215054/processed_churn_data_20250307_024527.csv...
[ 2025-03-14 12:23:58,417 ] 88 root - INFO - S3 bucket content - processed/20250313_225601/processed_churn_data.csv...
[ 2025-03-14 12:23:58,417 ] 88 root - INFO - S3 bucket content - processed/20250313_225601/processed_churn_data_20250313_234527.csv...
[ 2025-03-14 12:23:58,417 ] 88 root - INFO - S3 bucket content - transformed/20250313_001938/transformed_churn_data.parquet...
[ 2025-03-14 12:23:58,417 ] 88 root - INFO - S3 bucket content - transformed/20250313_215410/transformed_churn_data.parquet...
[ 2025-03-14 12:23:58,417 ] 88 root - INFO - S3 bucket content - transformed/20250313_230244/transformed_churn_data.parquet...
[ 2025-03-14 12:23:58,418 ] 91 root - INFO - Bucket is empty or object not found.
[ 2025-03-14 12:23:58,418 ] 42 root - INFO - Connection to S3 eshtablished successfully!
[ 2025-03-14 12:24:09,155 ] 58 root - INFO - Successfully uploaded customer_churn_dataset_rds_20250314121858.csv to s3://dmml-assign1-gauravp/data/raw/rds/year=2025/month=03/day=14/customer_churn_dataset_rds_20250314121858.csv
[ 2025-03-14 12:24:09,156 ] 63 root - INFO - Renamed local file: customer_churn_dataset_rds_20250314121858.csv to customer_churn_dataset_rds_20250314121858.csv.Done
[ 2025-03-14 12:24:09,167 ] 78 root - INFO - Upload for rds data to S3 completed!
[ 2025-03-14 12:24:09,167 ] 81 root - INFO - Uploading kaggle data to S3...
[ 2025-03-14 12:24:09,172 ] 39 root - INFO - Establishing Connection to S3 Bucket...
[ 2025-03-14 12:24:11,724 ] 88 root - INFO - S3 bucket content - data/...
[ 2025-03-14 12:24:11,724 ] 88 root - INFO - S3 bucket content - data/raw/...
[ 2025-03-14 12:24:11,724 ] 88 root - INFO - S3 bucket content - data/raw/kaggle/year=2025/month=03/day=12/customer_churn_dataset_kaggle_20250312203009.csv_Done...
[ 2025-03-14 12:24:11,724 ] 88 root - INFO - S3 bucket content - data/raw/kaggle/year=2025/month=03/day=12/customer_churn_dataset_kaggle_20250312203347.csv_Done...
[ 2025-03-14 12:24:11,724 ] 88 root - INFO - S3 bucket content - data/raw/kaggle/year=2025/month=03/day=12/customer_churn_dataset_kaggle_20250312203802.csv_Done...
[ 2025-03-14 12:24:11,724 ] 88 root - INFO - S3 bucket content - data/raw/kaggle/year=2025/month=03/day=12/customer_churn_dataset_kaggle_20250312203939.csv_Done...
[ 2025-03-14 12:24:11,724 ] 88 root - INFO - S3 bucket content - data/raw/kaggle/year=2025/month=03/day=12/customer_churn_dataset_kaggle_20250312203958.csv_Done...
[ 2025-03-14 12:24:11,725 ] 88 root - INFO - S3 bucket content - data/raw/kaggle/year=2025/month=03/day=13/customer_churn_dataset_kaggle_20250313223208.csv...
[ 2025-03-14 12:24:11,725 ] 88 root - INFO - S3 bucket content - data/raw/kaggle/year=2025/month=03/day=13/customer_churn_dataset_kaggle_20250313223228.csv...
[ 2025-03-14 12:24:11,725 ] 88 root - INFO - S3 bucket content - data/raw/rds/2025/03/13/22/data_temp_20250313_224726...
[ 2025-03-14 12:24:11,725 ] 88 root - INFO - S3 bucket content - data/raw/rds/year=2025/month=03/day=12/customer_churn_dataset_rds_20250312203939.csv_Done...
[ 2025-03-14 12:24:11,725 ] 88 root - INFO - S3 bucket content - data/raw/rds/year=2025/month=03/day=12/customer_churn_dataset_rds_20250312203958.csv_Done...
[ 2025-03-14 12:24:11,725 ] 88 root - INFO - S3 bucket content - data/raw/rds/year=2025/month=03/day=13/customer_churn_dataset_rds_20250313223208.csv...
[ 2025-03-14 12:24:11,725 ] 88 root - INFO - S3 bucket content - data/raw/rds/year=2025/month=03/day=13/customer_churn_dataset_rds_20250313223228.csv...
[ 2025-03-14 12:24:11,725 ] 88 root - INFO - S3 bucket content - data/raw/rds/year=2025/month=03/day=14/customer_churn_dataset_rds_20250314121858.csv...
[ 2025-03-14 12:24:11,725 ] 88 root - INFO - S3 bucket content - merged/20250312_210206/merged_churn_data.csv...
[ 2025-03-14 12:24:11,725 ] 88 root - INFO - S3 bucket content - merged/20250312_210323/merged_churn_data.csv...
[ 2025-03-14 12:24:11,725 ] 88 root - INFO - S3 bucket content - merged/20250312_211028/merged_churn_data.csv...
[ 2025-03-14 12:24:11,725 ] 88 root - INFO - S3 bucket content - merged/20250312_214229/merged_churn_data.csv...
[ 2025-03-14 12:24:11,725 ] 88 root - INFO - S3 bucket content - merged/20250312_214314/merged_churn_data.csv...
[ 2025-03-14 12:24:11,725 ] 88 root - INFO - S3 bucket content - merged/20250313_225037/merged_churn_data.csv...
[ 2025-03-14 12:24:11,725 ] 88 root - INFO - S3 bucket content - merged/20250313_225114/merged_churn_data.csv...
[ 2025-03-14 12:24:11,725 ] 88 root - INFO - S3 bucket content - merged/20250313_225329/merged_churn_data.csv...
[ 2025-03-14 12:24:11,725 ] 88 root - INFO - S3 bucket content - merged/20250313_225406/merged_churn_data.csv...
[ 2025-03-14 12:24:11,725 ] 88 root - INFO - S3 bucket content - merged/20250313_225429/merged_churn_data.csv...
[ 2025-03-14 12:24:11,725 ] 88 root - INFO - S3 bucket content - processed/20250312_215054/processed_churn_data_20250307_024527.csv...
[ 2025-03-14 12:24:11,725 ] 88 root - INFO - S3 bucket content - processed/20250313_225601/processed_churn_data.csv...
[ 2025-03-14 12:24:11,725 ] 88 root - INFO - S3 bucket content - processed/20250313_225601/processed_churn_data_20250313_234527.csv...
[ 2025-03-14 12:24:11,725 ] 88 root - INFO - S3 bucket content - transformed/20250313_001938/transformed_churn_data.parquet...
[ 2025-03-14 12:24:11,726 ] 88 root - INFO - S3 bucket content - transformed/20250313_215410/transformed_churn_data.parquet...
[ 2025-03-14 12:24:11,726 ] 88 root - INFO - S3 bucket content - transformed/20250313_230244/transformed_churn_data.parquet...
[ 2025-03-14 12:24:11,726 ] 91 root - INFO - Bucket is empty or object not found.
[ 2025-03-14 12:24:11,726 ] 42 root - INFO - Connection to S3 eshtablished successfully!
[ 2025-03-14 12:24:26,947 ] 58 root - INFO - Successfully uploaded customer_churn_dataset_kaggle_20250314120018.csv to s3://dmml-assign1-gauravp/data/raw/kaggle/year=2025/month=03/day=14/customer_churn_dataset_kaggle_20250314120018.csv
[ 2025-03-14 12:24:26,947 ] 63 root - INFO - Renamed local file: customer_churn_dataset_kaggle_20250314120018.csv to customer_churn_dataset_kaggle_20250314120018.csv.Done
[ 2025-03-14 12:24:41,192 ] 58 root - INFO - Successfully uploaded customer_churn_dataset_kaggle_20250314120957.csv to s3://dmml-assign1-gauravp/data/raw/kaggle/year=2025/month=03/day=14/customer_churn_dataset_kaggle_20250314120957.csv
[ 2025-03-14 12:24:41,192 ] 63 root - INFO - Renamed local file: customer_churn_dataset_kaggle_20250314120957.csv to customer_churn_dataset_kaggle_20250314120957.csv.Done
[ 2025-03-14 12:24:54,613 ] 58 root - INFO - Successfully uploaded customer_churn_dataset_kaggle_20250314121609.csv to s3://dmml-assign1-gauravp/data/raw/kaggle/year=2025/month=03/day=14/customer_churn_dataset_kaggle_20250314121609.csv
[ 2025-03-14 12:24:54,613 ] 63 root - INFO - Renamed local file: customer_churn_dataset_kaggle_20250314121609.csv to customer_churn_dataset_kaggle_20250314121609.csv.Done
[ 2025-03-14 12:25:07,916 ] 58 root - INFO - Successfully uploaded customer_churn_dataset_kaggle_20250314121858.csv to s3://dmml-assign1-gauravp/data/raw/kaggle/year=2025/month=03/day=14/customer_churn_dataset_kaggle_20250314121858.csv
[ 2025-03-14 12:25:07,917 ] 63 root - INFO - Renamed local file: customer_churn_dataset_kaggle_20250314121858.csv to customer_churn_dataset_kaggle_20250314121858.csv.Done
[ 2025-03-14 12:25:07,918 ] 84 root - INFO - Upload for Kaggle data to S3 completed!
